<?xml version="1.0" encoding="UTF-8"?>
<!-- Generated by org.testng.reporters.JUnitXMLReporter -->
<testsuite hostname="DESKTOP-3SUJPVT" ignored="0" name="VerifY Guru Application Login Test" tests="1" failures="1" timestamp="31 Mar 2019 08:40:28 GMT" time="60.668" errors="0">
  <testcase name="guruApplicationLoginTest" time="13.214" classname="com.qa.guru.testCases.TC01_LoginTest">
    <failure type="junit.framework.AssertionFailedError">
      <![CDATA[junit.framework.AssertionFailedError
at junit.framework.Assert.fail(Assert.java:47)
at junit.framework.Assert.assertTrue(Assert.java:20)
at junit.framework.Assert.assertTrue(Assert.java:27)
at com.qa.guru.testCases.TC01_LoginTest.guruApplicationLoginTest(TC01_LoginTest.java:50)
... Removed 25 stack frames]]>
    </failure>
  </testcase> <!-- guruApplicationLoginTest -->
</testsuite> <!-- VerifY Guru Application Login Test -->
