<?xml version="1.0" encoding="UTF-8"?>
<!-- Generated by org.testng.reporters.JUnitXMLReporter -->
<testsuite hostname="DESKTOP-3SUJPVT" ignored="0" name="VerifY Guru Application Login Test in Firefox" tests="1" failures="1" timestamp="05 Mar 2019 05:59:42 GMT" time="57.76" errors="0">
  <testcase name="guruApplicationLoginTest" time="6.395" classname="com.qa.guru.testCases.TC01_LoginTest">
    <failure type="junit.framework.AssertionFailedError">
      <![CDATA[junit.framework.AssertionFailedError
at junit.framework.Assert.fail(Assert.java:47)
at junit.framework.Assert.assertTrue(Assert.java:20)
at junit.framework.Assert.assertTrue(Assert.java:27)
at com.qa.guru.testCases.TC01_LoginTest.guruApplicationLoginTest(TC01_LoginTest.java:51)
... Removed 25 stack frames]]>
    </failure>
  </testcase> <!-- guruApplicationLoginTest -->
</testsuite> <!-- VerifY Guru Application Login Test in Firefox -->
