<?xml version="1.0" encoding="UTF-8"?>
<!-- Generated by org.testng.reporters.JUnitXMLReporter -->
<testsuite hostname="DESKTOP-3SUJPVT" ignored="0" name="VerifY Guru Application Login Test" tests="2" failures="0" timestamp="05 Mar 2019 09:27:51 GMT" time="140.072" errors="0">
  <testcase name="guruApplicationLoginTest" time="16.97" classname="com.qa.guru.testCases.TC01_LoginTest"/>
  <testcase name="createNewCustomerTest" time="32.666" classname="com.qa.guru.testCases.TC03_CreateNewCustomer"/>
</testsuite> <!-- VerifY Guru Application Login Test -->
